
*** Running vivado
    with args -log top.vds -m64 -product Vivado -mode batch -messageDb vivado.pb -notrace -source top.tcl



****** Vivado v2024.1 (64-bit)
  **** SW Build 5076996 on Wed May 22 18:37:14 MDT 2024
  **** IP Build 5075265 on Wed May 22 21:45:21 MDT 2024
  **** SharedData Build 5076995 on Wed May 22 18:29:18 MDT 2024
  **** Start of session at: Tue Nov 19 13:38:59 2024
    ** Copyright 1986-2022 Xilinx, Inc. All Rights Reserved.
    ** Copyright 2022-2024 Advanced Micro Devices, Inc. All Rights Reserved.

source top.tcl -notrace
create_project: Time (s): cpu = 00:00:03 ; elapsed = 00:00:08 . Memory (MB): peak = 486.578 ; gain = 198.508
Command: read_checkpoint -auto_incremental -incremental D:/Chula/HW_SYS_LAB/Display_Chat/Display_Chat.srcs/utils_1/imports/synth_1/top.dcp
INFO: [Vivado 12-5825] Read reference checkpoint from D:/Chula/HW_SYS_LAB/Display_Chat/Display_Chat.srcs/utils_1/imports/synth_1/top.dcp for incremental synthesis
INFO: [Vivado 12-7989] Please ensure there are no constraint changes
Command: synth_design -top top -part xc7a35tcpg236-1
Starting synth_design
Attempting to get a license for feature 'Synthesis' and/or device 'xc7a35t'
INFO: [Common 17-349] Got license for feature 'Synthesis' and/or device 'xc7a35t'
INFO: [Device 21-403] Loading part xc7a35tcpg236-1
INFO: [Device 21-9227] Part: xc7a35tcpg236-1 does not have CEAM library.
INFO: [Designutils 20-5440] No compile time benefit to using incremental synthesis; A full resynthesis will be run
INFO: [Designutils 20-4379] Flow is switching to default flow due to incremental criteria not met. If you would like to alter this behaviour and have the flow terminate instead, please set the following parameter config_implementation {autoIncr.Synth.RejectBehavior Terminate}
INFO: [Synth 8-7079] Multithreading enabled for synth_design using a maximum of 2 processes.
INFO: [Synth 8-7078] Launching helper process for spawning children vivado processes
INFO: [Synth 8-7075] Helper process launched with PID 33000
---------------------------------------------------------------------------------
Starting RTL Elaboration : Time (s): cpu = 00:00:02 ; elapsed = 00:00:06 . Memory (MB): peak = 1342.484 ; gain = 449.547
---------------------------------------------------------------------------------
INFO: [Synth 8-6157] synthesizing module 'top' [D:/Chula/HW_SYS_LAB/Display_Chat/Display_Chat.srcs/sources_1/new/top.v:3]
INFO: [Synth 8-6157] synthesizing module 'vga_controller' [D:/Chula/HW_SYS_LAB/Display_Chat/Display_Chat.srcs/sources_1/new/vga_controller.v:21]
INFO: [Synth 8-6155] done synthesizing module 'vga_controller' (0#1) [D:/Chula/HW_SYS_LAB/Display_Chat/Display_Chat.srcs/sources_1/new/vga_controller.v:21]
INFO: [Synth 8-6157] synthesizing module 'ascii_test' [D:/Chula/HW_SYS_LAB/Display_Chat/Display_Chat.srcs/sources_1/new/ascii_test.v:9]
INFO: [Synth 8-6157] synthesizing module 'ascii_rom' [D:/Chula/HW_SYS_LAB/Display_Chat/Display_Chat.srcs/sources_1/new/ascii_rom.v:22]
INFO: [Synth 8-6155] done synthesizing module 'ascii_rom' (0#1) [D:/Chula/HW_SYS_LAB/Display_Chat/Display_Chat.srcs/sources_1/new/ascii_rom.v:22]
INFO: [Synth 8-6155] done synthesizing module 'ascii_test' (0#1) [D:/Chula/HW_SYS_LAB/Display_Chat/Display_Chat.srcs/sources_1/new/ascii_test.v:9]
INFO: [Synth 8-251] x x x [D:/Chula/HW_SYS_LAB/Display_Chat/Display_Chat.srcs/sources_1/new/top.v:49]
INFO: [Synth 8-6155] done synthesizing module 'top' (0#1) [D:/Chula/HW_SYS_LAB/Display_Chat/Display_Chat.srcs/sources_1/new/top.v:3]
WARNING: [Synth 8-6014] Unused sequential element test_reg was removed.  [D:/Chula/HW_SYS_LAB/Display_Chat/Display_Chat.srcs/sources_1/new/top.v:42]
WARNING: [Synth 8-7129] Port x[9] in module ascii_test is either unconnected or has no load
WARNING: [Synth 8-7129] Port x[8] in module ascii_test is either unconnected or has no load
WARNING: [Synth 8-7129] Port x[7] in module ascii_test is either unconnected or has no load
WARNING: [Synth 8-7129] Port x[6] in module ascii_test is either unconnected or has no load
WARNING: [Synth 8-7129] Port x[5] in module ascii_test is either unconnected or has no load
WARNING: [Synth 8-7129] Port x[4] in module ascii_test is either unconnected or has no load
WARNING: [Synth 8-7129] Port x[3] in module ascii_test is either unconnected or has no load
WARNING: [Synth 8-7129] Port y[9] in module ascii_test is either unconnected or has no load
WARNING: [Synth 8-7129] Port y[8] in module ascii_test is either unconnected or has no load
WARNING: [Synth 8-7129] Port y[7] in module ascii_test is either unconnected or has no load
WARNING: [Synth 8-7129] Port y[6] in module ascii_test is either unconnected or has no load
WARNING: [Synth 8-7129] Port y[5] in module ascii_test is either unconnected or has no load
WARNING: [Synth 8-7129] Port y[4] in module ascii_test is either unconnected or has no load
---------------------------------------------------------------------------------
Finished RTL Elaboration : Time (s): cpu = 00:00:03 ; elapsed = 00:00:08 . Memory (MB): peak = 1458.414 ; gain = 565.477
---------------------------------------------------------------------------------
---------------------------------------------------------------------------------
Start Handling Custom Attributes
---------------------------------------------------------------------------------
---------------------------------------------------------------------------------
Finished Handling Custom Attributes : Time (s): cpu = 00:00:03 ; elapsed = 00:00:08 . Memory (MB): peak = 1458.414 ; gain = 565.477
---------------------------------------------------------------------------------
---------------------------------------------------------------------------------
Finished RTL Optimization Phase 1 : Time (s): cpu = 00:00:03 ; elapsed = 00:00:08 . Memory (MB): peak = 1458.414 ; gain = 565.477
---------------------------------------------------------------------------------
Netlist sorting complete. Time (s): cpu = 00:00:00 ; elapsed = 00:00:00.001 . Memory (MB): peak = 1458.414 ; gain = 0.000
INFO: [Project 1-570] Preparing netlist for logic optimization

Processing XDC Constraints
Initializing timing engine
Parsing XDC File [D:/Chula/HW_SYS_LAB/Display_Chat/Display_Chat.srcs/constrs_1/new/const_ascii.xdc]
WARNING: [Vivado 12-584] No ports matched 'sw[7]'. [D:/Chula/HW_SYS_LAB/Display_Chat/Display_Chat.srcs/constrs_1/new/const_ascii.xdc:55]
CRITICAL WARNING: [Common 17-55] 'set_property' expects at least one object. [D:/Chula/HW_SYS_LAB/Display_Chat/Display_Chat.srcs/constrs_1/new/const_ascii.xdc:55]
Resolution: If [get_<value>] was used to populate the object, check to make sure this command returns at least one valid object.
WARNING: [Vivado 12-584] No ports matched 'sw[7]'. [D:/Chula/HW_SYS_LAB/Display_Chat/Display_Chat.srcs/constrs_1/new/const_ascii.xdc:56]
CRITICAL WARNING: [Common 17-55] 'set_property' expects at least one object. [D:/Chula/HW_SYS_LAB/Display_Chat/Display_Chat.srcs/constrs_1/new/const_ascii.xdc:56]
Resolution: If [get_<value>] was used to populate the object, check to make sure this command returns at least one valid object.
WARNING: [Vivado 12-584] No ports matched 'sw[8]'. [D:/Chula/HW_SYS_LAB/Display_Chat/Display_Chat.srcs/constrs_1/new/const_ascii.xdc:57]
CRITICAL WARNING: [Common 17-55] 'set_property' expects at least one object. [D:/Chula/HW_SYS_LAB/Display_Chat/Display_Chat.srcs/constrs_1/new/const_ascii.xdc:57]
Resolution: If [get_<value>] was used to populate the object, check to make sure this command returns at least one valid object.
WARNING: [Vivado 12-584] No ports matched 'sw[8]'. [D:/Chula/HW_SYS_LAB/Display_Chat/Display_Chat.srcs/constrs_1/new/const_ascii.xdc:58]
CRITICAL WARNING: [Common 17-55] 'set_property' expects at least one object. [D:/Chula/HW_SYS_LAB/Display_Chat/Display_Chat.srcs/constrs_1/new/const_ascii.xdc:58]
Resolution: If [get_<value>] was used to populate the object, check to make sure this command returns at least one valid object.
WARNING: [Vivado 12-584] No ports matched 'sw[9]'. [D:/Chula/HW_SYS_LAB/Display_Chat/Display_Chat.srcs/constrs_1/new/const_ascii.xdc:59]
CRITICAL WARNING: [Common 17-55] 'set_property' expects at least one object. [D:/Chula/HW_SYS_LAB/Display_Chat/Display_Chat.srcs/constrs_1/new/const_ascii.xdc:59]
Resolution: If [get_<value>] was used to populate the object, check to make sure this command returns at least one valid object.
WARNING: [Vivado 12-584] No ports matched 'sw[9]'. [D:/Chula/HW_SYS_LAB/Display_Chat/Display_Chat.srcs/constrs_1/new/const_ascii.xdc:60]
CRITICAL WARNING: [Common 17-55] 'set_property' expects at least one object. [D:/Chula/HW_SYS_LAB/Display_Chat/Display_Chat.srcs/constrs_1/new/const_ascii.xdc:60]
Resolution: If [get_<value>] was used to populate the object, check to make sure this command returns at least one valid object.
WARNING: [Vivado 12-584] No ports matched 'sw[10]'. [D:/Chula/HW_SYS_LAB/Display_Chat/Display_Chat.srcs/constrs_1/new/const_ascii.xdc:61]
CRITICAL WARNING: [Common 17-55] 'set_property' expects at least one object. [D:/Chula/HW_SYS_LAB/Display_Chat/Display_Chat.srcs/constrs_1/new/const_ascii.xdc:61]
Resolution: If [get_<value>] was used to populate the object, check to make sure this command returns at least one valid object.
WARNING: [Vivado 12-584] No ports matched 'sw[10]'. [D:/Chula/HW_SYS_LAB/Display_Chat/Display_Chat.srcs/constrs_1/new/const_ascii.xdc:62]
CRITICAL WARNING: [Common 17-55] 'set_property' expects at least one object. [D:/Chula/HW_SYS_LAB/Display_Chat/Display_Chat.srcs/constrs_1/new/const_ascii.xdc:62]
Resolution: If [get_<value>] was used to populate the object, check to make sure this command returns at least one valid object.
WARNING: [Vivado 12-584] No ports matched 'sw[11]'. [D:/Chula/HW_SYS_LAB/Display_Chat/Display_Chat.srcs/constrs_1/new/const_ascii.xdc:63]
CRITICAL WARNING: [Common 17-55] 'set_property' expects at least one object. [D:/Chula/HW_SYS_LAB/Display_Chat/Display_Chat.srcs/constrs_1/new/const_ascii.xdc:63]
Resolution: If [get_<value>] was used to populate the object, check to make sure this command returns at least one valid object.
WARNING: [Vivado 12-584] No ports matched 'sw[11]'. [D:/Chula/HW_SYS_LAB/Display_Chat/Display_Chat.srcs/constrs_1/new/const_ascii.xdc:64]
CRITICAL WARNING: [Common 17-55] 'set_property' expects at least one object. [D:/Chula/HW_SYS_LAB/Display_Chat/Display_Chat.srcs/constrs_1/new/const_ascii.xdc:64]
Resolution: If [get_<value>] was used to populate the object, check to make sure this command returns at least one valid object.
WARNING: [Vivado 12-584] No ports matched 'sw[12]'. [D:/Chula/HW_SYS_LAB/Display_Chat/Display_Chat.srcs/constrs_1/new/const_ascii.xdc:65]
CRITICAL WARNING: [Common 17-55] 'set_property' expects at least one object. [D:/Chula/HW_SYS_LAB/Display_Chat/Display_Chat.srcs/constrs_1/new/const_ascii.xdc:65]
Resolution: If [get_<value>] was used to populate the object, check to make sure this command returns at least one valid object.
WARNING: [Vivado 12-584] No ports matched 'sw[12]'. [D:/Chula/HW_SYS_LAB/Display_Chat/Display_Chat.srcs/constrs_1/new/const_ascii.xdc:66]
CRITICAL WARNING: [Common 17-55] 'set_property' expects at least one object. [D:/Chula/HW_SYS_LAB/Display_Chat/Display_Chat.srcs/constrs_1/new/const_ascii.xdc:66]
Resolution: If [get_<value>] was used to populate the object, check to make sure this command returns at least one valid object.
WARNING: [Vivado 12-584] No ports matched 'sw[13]'. [D:/Chula/HW_SYS_LAB/Display_Chat/Display_Chat.srcs/constrs_1/new/const_ascii.xdc:67]
CRITICAL WARNING: [Common 17-55] 'set_property' expects at least one object. [D:/Chula/HW_SYS_LAB/Display_Chat/Display_Chat.srcs/constrs_1/new/const_ascii.xdc:67]
Resolution: If [get_<value>] was used to populate the object, check to make sure this command returns at least one valid object.
WARNING: [Vivado 12-584] No ports matched 'sw[13]'. [D:/Chula/HW_SYS_LAB/Display_Chat/Display_Chat.srcs/constrs_1/new/const_ascii.xdc:68]
CRITICAL WARNING: [Common 17-55] 'set_property' expects at least one object. [D:/Chula/HW_SYS_LAB/Display_Chat/Display_Chat.srcs/constrs_1/new/const_ascii.xdc:68]
Resolution: If [get_<value>] was used to populate the object, check to make sure this command returns at least one valid object.
WARNING: [Vivado 12-584] No ports matched 'sw[14]'. [D:/Chula/HW_SYS_LAB/Display_Chat/Display_Chat.srcs/constrs_1/new/const_ascii.xdc:69]
CRITICAL WARNING: [Common 17-55] 'set_property' expects at least one object. [D:/Chula/HW_SYS_LAB/Display_Chat/Display_Chat.srcs/constrs_1/new/const_ascii.xdc:69]
Resolution: If [get_<value>] was used to populate the object, check to make sure this command returns at least one valid object.
WARNING: [Vivado 12-584] No ports matched 'sw[14]'. [D:/Chula/HW_SYS_LAB/Display_Chat/Display_Chat.srcs/constrs_1/new/const_ascii.xdc:70]
CRITICAL WARNING: [Common 17-55] 'set_property' expects at least one object. [D:/Chula/HW_SYS_LAB/Display_Chat/Display_Chat.srcs/constrs_1/new/const_ascii.xdc:70]
Resolution: If [get_<value>] was used to populate the object, check to make sure this command returns at least one valid object.
WARNING: [Vivado 12-584] No ports matched 'sw[15]'. [D:/Chula/HW_SYS_LAB/Display_Chat/Display_Chat.srcs/constrs_1/new/const_ascii.xdc:71]
CRITICAL WARNING: [Common 17-55] 'set_property' expects at least one object. [D:/Chula/HW_SYS_LAB/Display_Chat/Display_Chat.srcs/constrs_1/new/const_ascii.xdc:71]
Resolution: If [get_<value>] was used to populate the object, check to make sure this command returns at least one valid object.
WARNING: [Vivado 12-584] No ports matched 'sw[15]'. [D:/Chula/HW_SYS_LAB/Display_Chat/Display_Chat.srcs/constrs_1/new/const_ascii.xdc:72]
CRITICAL WARNING: [Common 17-55] 'set_property' expects at least one object. [D:/Chula/HW_SYS_LAB/Display_Chat/Display_Chat.srcs/constrs_1/new/const_ascii.xdc:72]
Resolution: If [get_<value>] was used to populate the object, check to make sure this command returns at least one valid object.
WARNING: [Vivado 12-584] No ports matched 'btnC'. [D:/Chula/HW_SYS_LAB/Display_Chat/Display_Chat.srcs/constrs_1/new/const_ascii.xdc:75]
CRITICAL WARNING: [Common 17-55] 'set_property' expects at least one object. [D:/Chula/HW_SYS_LAB/Display_Chat/Display_Chat.srcs/constrs_1/new/const_ascii.xdc:75]
Resolution: If [get_<value>] was used to populate the object, check to make sure this command returns at least one valid object.
WARNING: [Vivado 12-584] No ports matched 'btnC'. [D:/Chula/HW_SYS_LAB/Display_Chat/Display_Chat.srcs/constrs_1/new/const_ascii.xdc:76]
CRITICAL WARNING: [Common 17-55] 'set_property' expects at least one object. [D:/Chula/HW_SYS_LAB/Display_Chat/Display_Chat.srcs/constrs_1/new/const_ascii.xdc:76]
Resolution: If [get_<value>] was used to populate the object, check to make sure this command returns at least one valid object.
WARNING: [Vivado 12-584] No ports matched 'btnL'. [D:/Chula/HW_SYS_LAB/Display_Chat/Display_Chat.srcs/constrs_1/new/const_ascii.xdc:79]
CRITICAL WARNING: [Common 17-55] 'set_property' expects at least one object. [D:/Chula/HW_SYS_LAB/Display_Chat/Display_Chat.srcs/constrs_1/new/const_ascii.xdc:79]
Resolution: If [get_<value>] was used to populate the object, check to make sure this command returns at least one valid object.
WARNING: [Vivado 12-584] No ports matched 'btnL'. [D:/Chula/HW_SYS_LAB/Display_Chat/Display_Chat.srcs/constrs_1/new/const_ascii.xdc:80]
CRITICAL WARNING: [Common 17-55] 'set_property' expects at least one object. [D:/Chula/HW_SYS_LAB/Display_Chat/Display_Chat.srcs/constrs_1/new/const_ascii.xdc:80]
Resolution: If [get_<value>] was used to populate the object, check to make sure this command returns at least one valid object.
WARNING: [Vivado 12-584] No ports matched 'btnR'. [D:/Chula/HW_SYS_LAB/Display_Chat/Display_Chat.srcs/constrs_1/new/const_ascii.xdc:81]
CRITICAL WARNING: [Common 17-55] 'set_property' expects at least one object. [D:/Chula/HW_SYS_LAB/Display_Chat/Display_Chat.srcs/constrs_1/new/const_ascii.xdc:81]
Resolution: If [get_<value>] was used to populate the object, check to make sure this command returns at least one valid object.
WARNING: [Vivado 12-584] No ports matched 'btnR'. [D:/Chula/HW_SYS_LAB/Display_Chat/Display_Chat.srcs/constrs_1/new/const_ascii.xdc:82]
CRITICAL WARNING: [Common 17-55] 'set_property' expects at least one object. [D:/Chula/HW_SYS_LAB/Display_Chat/Display_Chat.srcs/constrs_1/new/const_ascii.xdc:82]
Resolution: If [get_<value>] was used to populate the object, check to make sure this command returns at least one valid object.
WARNING: [Vivado 12-584] No ports matched 'btnD'. [D:/Chula/HW_SYS_LAB/Display_Chat/Display_Chat.srcs/constrs_1/new/const_ascii.xdc:83]
CRITICAL WARNING: [Common 17-55] 'set_property' expects at least one object. [D:/Chula/HW_SYS_LAB/Display_Chat/Display_Chat.srcs/constrs_1/new/const_ascii.xdc:83]
Resolution: If [get_<value>] was used to populate the object, check to make sure this command returns at least one valid object.
WARNING: [Vivado 12-584] No ports matched 'btnD'. [D:/Chula/HW_SYS_LAB/Display_Chat/Display_Chat.srcs/constrs_1/new/const_ascii.xdc:84]
CRITICAL WARNING: [Common 17-55] 'set_property' expects at least one object. [D:/Chula/HW_SYS_LAB/Display_Chat/Display_Chat.srcs/constrs_1/new/const_ascii.xdc:84]
Resolution: If [get_<value>] was used to populate the object, check to make sure this command returns at least one valid object.
Finished Parsing XDC File [D:/Chula/HW_SYS_LAB/Display_Chat/Display_Chat.srcs/constrs_1/new/const_ascii.xdc]
INFO: [Project 1-236] Implementation specific constraints were found while reading constraint file [D:/Chula/HW_SYS_LAB/Display_Chat/Display_Chat.srcs/constrs_1/new/const_ascii.xdc]. These constraints will be ignored for synthesis but will be used in implementation. Impacted constraints are listed in the file [.Xil/top_propImpl.xdc].
Resolution: To avoid this warning, move constraints listed in [.Xil/top_propImpl.xdc] to another XDC file and exclude this new file from synthesis with the used_in_synthesis property (File Properties dialog in GUI) and re-run elaboration/synthesis.
Completed Processing XDC Constraints

Netlist sorting complete. Time (s): cpu = 00:00:00 ; elapsed = 00:00:00 . Memory (MB): peak = 1552.078 ; gain = 0.000
INFO: [Project 1-111] Unisim Transformation Summary:
No Unisim elements were transformed.

Constraint Validation Runtime : Time (s): cpu = 00:00:00 ; elapsed = 00:00:00.002 . Memory (MB): peak = 1552.078 ; gain = 0.000
INFO: [Designutils 20-5440] No compile time benefit to using incremental synthesis; A full resynthesis will be run
INFO: [Designutils 20-4379] Flow is switching to default flow due to incremental criteria not met. If you would like to alter this behaviour and have the flow terminate instead, please set the following parameter config_implementation {autoIncr.Synth.RejectBehavior Terminate}
---------------------------------------------------------------------------------
Finished Constraint Validation : Time (s): cpu = 00:00:06 ; elapsed = 00:00:16 . Memory (MB): peak = 1552.078 ; gain = 659.141
---------------------------------------------------------------------------------
---------------------------------------------------------------------------------
Start Loading Part and Timing Information
---------------------------------------------------------------------------------
Loading part: xc7a35tcpg236-1
---------------------------------------------------------------------------------
Finished Loading Part and Timing Information : Time (s): cpu = 00:00:06 ; elapsed = 00:00:16 . Memory (MB): peak = 1552.078 ; gain = 659.141
---------------------------------------------------------------------------------
---------------------------------------------------------------------------------
Start Applying 'set_property' XDC Constraints
---------------------------------------------------------------------------------
---------------------------------------------------------------------------------
Finished applying 'set_property' XDC Constraints : Time (s): cpu = 00:00:06 ; elapsed = 00:00:16 . Memory (MB): peak = 1552.078 ; gain = 659.141
---------------------------------------------------------------------------------
---------------------------------------------------------------------------------
Finished RTL Optimization Phase 2 : Time (s): cpu = 00:00:06 ; elapsed = 00:00:16 . Memory (MB): peak = 1552.078 ; gain = 659.141
---------------------------------------------------------------------------------
---------------------------------------------------------------------------------
Start RTL Component Statistics 
---------------------------------------------------------------------------------
Detailed RTL Component Info : 
+---Adders : 
	   2 Input   10 Bit       Adders := 2     
	   2 Input    7 Bit       Adders := 1     
	   2 Input    2 Bit       Adders := 1     
+---Registers : 
	               12 Bit    Registers := 1     
	               11 Bit    Registers := 1     
	               10 Bit    Registers := 4     
	                2 Bit    Registers := 1     
	                1 Bit    Registers := 2     
+---ROMs : 
	                    ROMs := 1     
+---Muxes : 
	   3 Input   12 Bit        Muxes := 1     
	   2 Input    1 Bit        Muxes := 1     
---------------------------------------------------------------------------------
Finished RTL Component Statistics 
---------------------------------------------------------------------------------
---------------------------------------------------------------------------------
Start Part Resource Summary
---------------------------------------------------------------------------------
Part Resources:
DSPs: 90 (col length:60)
BRAMs: 100 (col length: RAMB18 60 RAMB36 30)
---------------------------------------------------------------------------------
Finished Part Resource Summary
---------------------------------------------------------------------------------
---------------------------------------------------------------------------------
Start Cross Boundary and Area Optimization
---------------------------------------------------------------------------------
WARNING: [Synth 8-7080] Parallel synthesis criteria is not met
WARNING: [Synth 8-6014] Unused sequential element mem_reg was removed. 
WARNING: [Synth 8-7129] Port sw[6] in module top is either unconnected or has no load
WARNING: [Synth 8-7129] Port sw[5] in module top is either unconnected or has no load
WARNING: [Synth 8-7129] Port sw[4] in module top is either unconnected or has no load
WARNING: [Synth 8-7129] Port sw[3] in module top is either unconnected or has no load
WARNING: [Synth 8-7129] Port sw[2] in module top is either unconnected or has no load
WARNING: [Synth 8-7129] Port sw[1] in module top is either unconnected or has no load
WARNING: [Synth 8-7129] Port sw[0] in module top is either unconnected or has no load
---------------------------------------------------------------------------------
Finished Cross Boundary and Area Optimization : Time (s): cpu = 00:00:07 ; elapsed = 00:00:19 . Memory (MB): peak = 1552.078 ; gain = 659.141
---------------------------------------------------------------------------------
---------------------------------------------------------------------------------
Start ROM, RAM, DSP, Shift Register and Retiming Reporting
---------------------------------------------------------------------------------

ROM: Preliminary Mapping Report
+------------+-------------+---------------+----------------+
|Module Name | RTL Object  | Depth x Width | Implemented As | 
+------------+-------------+---------------+----------------+
|top         | at/rom/data | 2048x8        | LUT            | 
+------------+-------------+---------------+----------------+

---------------------------------------------------------------------------------
Finished ROM, RAM, DSP, Shift Register and Retiming Reporting
---------------------------------------------------------------------------------
---------------------------------------------------------------------------------
Start Applying XDC Timing Constraints
---------------------------------------------------------------------------------
---------------------------------------------------------------------------------
Finished Applying XDC Timing Constraints : Time (s): cpu = 00:00:10 ; elapsed = 00:00:25 . Memory (MB): peak = 1552.078 ; gain = 659.141
---------------------------------------------------------------------------------
---------------------------------------------------------------------------------
Start Timing Optimization
---------------------------------------------------------------------------------
---------------------------------------------------------------------------------
Finished Timing Optimization : Time (s): cpu = 00:00:10 ; elapsed = 00:00:25 . Memory (MB): peak = 1552.078 ; gain = 659.141
---------------------------------------------------------------------------------
---------------------------------------------------------------------------------
Start Technology Mapping
---------------------------------------------------------------------------------
---------------------------------------------------------------------------------
Finished Technology Mapping : Time (s): cpu = 00:00:10 ; elapsed = 00:00:25 . Memory (MB): peak = 1552.078 ; gain = 659.141
---------------------------------------------------------------------------------
---------------------------------------------------------------------------------
Start IO Insertion
---------------------------------------------------------------------------------
---------------------------------------------------------------------------------
Start Flattening Before IO Insertion
---------------------------------------------------------------------------------
---------------------------------------------------------------------------------
Finished Flattening Before IO Insertion
---------------------------------------------------------------------------------
---------------------------------------------------------------------------------
Start Final Netlist Cleanup
---------------------------------------------------------------------------------
---------------------------------------------------------------------------------
Finished Final Netlist Cleanup
---------------------------------------------------------------------------------
---------------------------------------------------------------------------------
Finished IO Insertion : Time (s): cpu = 00:00:12 ; elapsed = 00:00:30 . Memory (MB): peak = 1552.078 ; gain = 659.141
---------------------------------------------------------------------------------
---------------------------------------------------------------------------------
Start Renaming Generated Instances
---------------------------------------------------------------------------------
---------------------------------------------------------------------------------
Finished Renaming Generated Instances : Time (s): cpu = 00:00:12 ; elapsed = 00:00:30 . Memory (MB): peak = 1552.078 ; gain = 659.141
---------------------------------------------------------------------------------
---------------------------------------------------------------------------------
Start Rebuilding User Hierarchy
---------------------------------------------------------------------------------
---------------------------------------------------------------------------------
Finished Rebuilding User Hierarchy : Time (s): cpu = 00:00:12 ; elapsed = 00:00:30 . Memory (MB): peak = 1552.078 ; gain = 659.141
---------------------------------------------------------------------------------
---------------------------------------------------------------------------------
Start Renaming Generated Ports
---------------------------------------------------------------------------------
---------------------------------------------------------------------------------
Finished Renaming Generated Ports : Time (s): cpu = 00:00:12 ; elapsed = 00:00:30 . Memory (MB): peak = 1552.078 ; gain = 659.141
---------------------------------------------------------------------------------
---------------------------------------------------------------------------------
Start Handling Custom Attributes
---------------------------------------------------------------------------------
---------------------------------------------------------------------------------
Finished Handling Custom Attributes : Time (s): cpu = 00:00:12 ; elapsed = 00:00:30 . Memory (MB): peak = 1552.078 ; gain = 659.141
---------------------------------------------------------------------------------
---------------------------------------------------------------------------------
Start Renaming Generated Nets
---------------------------------------------------------------------------------
---------------------------------------------------------------------------------
Finished Renaming Generated Nets : Time (s): cpu = 00:00:12 ; elapsed = 00:00:30 . Memory (MB): peak = 1552.078 ; gain = 659.141
---------------------------------------------------------------------------------
---------------------------------------------------------------------------------
Start Writing Synthesis Report
---------------------------------------------------------------------------------

Report BlackBoxes: 
+-+--------------+----------+
| |BlackBox name |Instances |
+-+--------------+----------+
+-+--------------+----------+

Report Cell Usage: 
+------+-----+------+
|      |Cell |Count |
+------+-----+------+
|1     |BUFG |     1|
|2     |LUT1 |     2|
|3     |LUT2 |     4|
|4     |LUT3 |     3|
|5     |LUT4 |     4|
|6     |LUT5 |    11|
|7     |LUT6 |     9|
|8     |FDCE |    44|
|9     |FDRE |     1|
|10    |IBUF |     2|
|11    |OBUF |    14|
+------+-----+------+
---------------------------------------------------------------------------------
Finished Writing Synthesis Report : Time (s): cpu = 00:00:12 ; elapsed = 00:00:30 . Memory (MB): peak = 1552.078 ; gain = 659.141
---------------------------------------------------------------------------------
Synthesis finished with 0 errors, 0 critical warnings and 9 warnings.
Synthesis Optimization Runtime : Time (s): cpu = 00:00:08 ; elapsed = 00:00:29 . Memory (MB): peak = 1552.078 ; gain = 565.477
Synthesis Optimization Complete : Time (s): cpu = 00:00:12 ; elapsed = 00:00:31 . Memory (MB): peak = 1552.078 ; gain = 659.141
INFO: [Project 1-571] Translating synthesized netlist
Netlist sorting complete. Time (s): cpu = 00:00:00 ; elapsed = 00:00:00 . Memory (MB): peak = 1552.078 ; gain = 0.000
INFO: [Project 1-570] Preparing netlist for logic optimization
INFO: [Opt 31-138] Pushed 0 inverter(s) to 0 load pin(s).
Netlist sorting complete. Time (s): cpu = 00:00:00 ; elapsed = 00:00:00 . Memory (MB): peak = 1552.078 ; gain = 0.000
INFO: [Project 1-111] Unisim Transformation Summary:
No Unisim elements were transformed.

Synth Design complete | Checksum: 25abd684
INFO: [Common 17-83] Releasing license: Synthesis
29 Infos, 49 Warnings, 26 Critical Warnings and 0 Errors encountered.
synth_design completed successfully
synth_design: Time (s): cpu = 00:00:14 ; elapsed = 00:00:36 . Memory (MB): peak = 1552.078 ; gain = 1058.598
INFO: [runtcl-6] Synthesis results are not added to the cache due to CRITICAL_WARNING
Write ShapeDB Complete: Time (s): cpu = 00:00:00 ; elapsed = 00:00:00.001 . Memory (MB): peak = 1552.078 ; gain = 0.000
INFO: [Common 17-1381] The checkpoint 'D:/Chula/HW_SYS_LAB/Display_Chat/Display_Chat.runs/synth_1/top.dcp' has been generated.
INFO: [Vivado 12-24828] Executing command : report_utilization -file top_utilization_synth.rpt -pb top_utilization_synth.pb
INFO: [Common 17-206] Exiting Vivado at Tue Nov 19 13:39:47 2024...
