
*** Running vivado
    with args -log top.vdi -applog -m64 -product Vivado -messageDb vivado.pb -mode batch -source top.tcl -notrace



****** Vivado v2024.1 (64-bit)
  **** SW Build 5076996 on Wed May 22 18:37:14 MDT 2024
  **** IP Build 5075265 on Wed May 22 21:45:21 MDT 2024
  **** SharedData Build 5076995 on Wed May 22 18:29:18 MDT 2024
  **** Start of session at: Tue Nov 19 13:39:55 2024
    ** Copyright 1986-2022 Xilinx, Inc. All Rights Reserved.
    ** Copyright 2022-2024 Advanced Micro Devices, Inc. All Rights Reserved.

source top.tcl -notrace
create_project: Time (s): cpu = 00:00:03 ; elapsed = 00:00:08 . Memory (MB): peak = 488.914 ; gain = 202.836
Command: link_design -top top -part xc7a35tcpg236-1
Design is defaulting to srcset: sources_1
Design is defaulting to constrset: constrs_1
INFO: [Device 21-403] Loading part xc7a35tcpg236-1
INFO: [Device 21-9227] Part: xc7a35tcpg236-1 does not have CEAM library.
Netlist sorting complete. Time (s): cpu = 00:00:00 ; elapsed = 00:00:00 . Memory (MB): peak = 893.605 ; gain = 0.000
INFO: [Project 1-479] Netlist was created with Vivado 2024.1
INFO: [Project 1-570] Preparing netlist for logic optimization
Parsing XDC File [D:/Chula/HW_SYS_LAB/Display_Chat/Display_Chat.srcs/constrs_1/new/const_ascii.xdc]
WARNING: [Vivado 12-584] No ports matched 'sw[7]'. [D:/Chula/HW_SYS_LAB/Display_Chat/Display_Chat.srcs/constrs_1/new/const_ascii.xdc:55]
CRITICAL WARNING: [Common 17-55] 'set_property' expects at least one object. [D:/Chula/HW_SYS_LAB/Display_Chat/Display_Chat.srcs/constrs_1/new/const_ascii.xdc:55]
Resolution: If [get_<value>] was used to populate the object, check to make sure this command returns at least one valid object.
WARNING: [Vivado 12-584] No ports matched 'sw[7]'. [D:/Chula/HW_SYS_LAB/Display_Chat/Display_Chat.srcs/constrs_1/new/const_ascii.xdc:56]
CRITICAL WARNING: [Common 17-55] 'set_property' expects at least one object. [D:/Chula/HW_SYS_LAB/Display_Chat/Display_Chat.srcs/constrs_1/new/const_ascii.xdc:56]
Resolution: If [get_<value>] was used to populate the object, check to make sure this command returns at least one valid object.
WARNING: [Vivado 12-584] No ports matched 'sw[8]'. [D:/Chula/HW_SYS_LAB/Display_Chat/Display_Chat.srcs/constrs_1/new/const_ascii.xdc:57]
CRITICAL WARNING: [Common 17-55] 'set_property' expects at least one object. [D:/Chula/HW_SYS_LAB/Display_Chat/Display_Chat.srcs/constrs_1/new/const_ascii.xdc:57]
Resolution: If [get_<value>] was used to populate the object, check to make sure this command returns at least one valid object.
WARNING: [Vivado 12-584] No ports matched 'sw[8]'. [D:/Chula/HW_SYS_LAB/Display_Chat/Display_Chat.srcs/constrs_1/new/const_ascii.xdc:58]
CRITICAL WARNING: [Common 17-55] 'set_property' expects at least one object. [D:/Chula/HW_SYS_LAB/Display_Chat/Display_Chat.srcs/constrs_1/new/const_ascii.xdc:58]
Resolution: If [get_<value>] was used to populate the object, check to make sure this command returns at least one valid object.
WARNING: [Vivado 12-584] No ports matched 'sw[9]'. [D:/Chula/HW_SYS_LAB/Display_Chat/Display_Chat.srcs/constrs_1/new/const_ascii.xdc:59]
CRITICAL WARNING: [Common 17-55] 'set_property' expects at least one object. [D:/Chula/HW_SYS_LAB/Display_Chat/Display_Chat.srcs/constrs_1/new/const_ascii.xdc:59]
Resolution: If [get_<value>] was used to populate the object, check to make sure this command returns at least one valid object.
WARNING: [Vivado 12-584] No ports matched 'sw[9]'. [D:/Chula/HW_SYS_LAB/Display_Chat/Display_Chat.srcs/constrs_1/new/const_ascii.xdc:60]
CRITICAL WARNING: [Common 17-55] 'set_property' expects at least one object. [D:/Chula/HW_SYS_LAB/Display_Chat/Display_Chat.srcs/constrs_1/new/const_ascii.xdc:60]
Resolution: If [get_<value>] was used to populate the object, check to make sure this command returns at least one valid object.
WARNING: [Vivado 12-584] No ports matched 'sw[10]'. [D:/Chula/HW_SYS_LAB/Display_Chat/Display_Chat.srcs/constrs_1/new/const_ascii.xdc:61]
CRITICAL WARNING: [Common 17-55] 'set_property' expects at least one object. [D:/Chula/HW_SYS_LAB/Display_Chat/Display_Chat.srcs/constrs_1/new/const_ascii.xdc:61]
Resolution: If [get_<value>] was used to populate the object, check to make sure this command returns at least one valid object.
WARNING: [Vivado 12-584] No ports matched 'sw[10]'. [D:/Chula/HW_SYS_LAB/Display_Chat/Display_Chat.srcs/constrs_1/new/const_ascii.xdc:62]
CRITICAL WARNING: [Common 17-55] 'set_property' expects at least one object. [D:/Chula/HW_SYS_LAB/Display_Chat/Display_Chat.srcs/constrs_1/new/const_ascii.xdc:62]
Resolution: If [get_<value>] was used to populate the object, check to make sure this command returns at least one valid object.
WARNING: [Vivado 12-584] No ports matched 'sw[11]'. [D:/Chula/HW_SYS_LAB/Display_Chat/Display_Chat.srcs/constrs_1/new/const_ascii.xdc:63]
CRITICAL WARNING: [Common 17-55] 'set_property' expects at least one object. [D:/Chula/HW_SYS_LAB/Display_Chat/Display_Chat.srcs/constrs_1/new/const_ascii.xdc:63]
Resolution: If [get_<value>] was used to populate the object, check to make sure this command returns at least one valid object.
WARNING: [Vivado 12-584] No ports matched 'sw[11]'. [D:/Chula/HW_SYS_LAB/Display_Chat/Display_Chat.srcs/constrs_1/new/const_ascii.xdc:64]
CRITICAL WARNING: [Common 17-55] 'set_property' expects at least one object. [D:/Chula/HW_SYS_LAB/Display_Chat/Display_Chat.srcs/constrs_1/new/const_ascii.xdc:64]
Resolution: If [get_<value>] was used to populate the object, check to make sure this command returns at least one valid object.
WARNING: [Vivado 12-584] No ports matched 'sw[12]'. [D:/Chula/HW_SYS_LAB/Display_Chat/Display_Chat.srcs/constrs_1/new/const_ascii.xdc:65]
CRITICAL WARNING: [Common 17-55] 'set_property' expects at least one object. [D:/Chula/HW_SYS_LAB/Display_Chat/Display_Chat.srcs/constrs_1/new/const_ascii.xdc:65]
Resolution: If [get_<value>] was used to populate the object, check to make sure this command returns at least one valid object.
WARNING: [Vivado 12-584] No ports matched 'sw[12]'. [D:/Chula/HW_SYS_LAB/Display_Chat/Display_Chat.srcs/constrs_1/new/const_ascii.xdc:66]
CRITICAL WARNING: [Common 17-55] 'set_property' expects at least one object. [D:/Chula/HW_SYS_LAB/Display_Chat/Display_Chat.srcs/constrs_1/new/const_ascii.xdc:66]
Resolution: If [get_<value>] was used to populate the object, check to make sure this command returns at least one valid object.
WARNING: [Vivado 12-584] No ports matched 'sw[13]'. [D:/Chula/HW_SYS_LAB/Display_Chat/Display_Chat.srcs/constrs_1/new/const_ascii.xdc:67]
CRITICAL WARNING: [Common 17-55] 'set_property' expects at least one object. [D:/Chula/HW_SYS_LAB/Display_Chat/Display_Chat.srcs/constrs_1/new/const_ascii.xdc:67]
Resolution: If [get_<value>] was used to populate the object, check to make sure this command returns at least one valid object.
WARNING: [Vivado 12-584] No ports matched 'sw[13]'. [D:/Chula/HW_SYS_LAB/Display_Chat/Display_Chat.srcs/constrs_1/new/const_ascii.xdc:68]
CRITICAL WARNING: [Common 17-55] 'set_property' expects at least one object. [D:/Chula/HW_SYS_LAB/Display_Chat/Display_Chat.srcs/constrs_1/new/const_ascii.xdc:68]
Resolution: If [get_<value>] was used to populate the object, check to make sure this command returns at least one valid object.
WARNING: [Vivado 12-584] No ports matched 'sw[14]'. [D:/Chula/HW_SYS_LAB/Display_Chat/Display_Chat.srcs/constrs_1/new/const_ascii.xdc:69]
CRITICAL WARNING: [Common 17-55] 'set_property' expects at least one object. [D:/Chula/HW_SYS_LAB/Display_Chat/Display_Chat.srcs/constrs_1/new/const_ascii.xdc:69]
Resolution: If [get_<value>] was used to populate the object, check to make sure this command returns at least one valid object.
WARNING: [Vivado 12-584] No ports matched 'sw[14]'. [D:/Chula/HW_SYS_LAB/Display_Chat/Display_Chat.srcs/constrs_1/new/const_ascii.xdc:70]
CRITICAL WARNING: [Common 17-55] 'set_property' expects at least one object. [D:/Chula/HW_SYS_LAB/Display_Chat/Display_Chat.srcs/constrs_1/new/const_ascii.xdc:70]
Resolution: If [get_<value>] was used to populate the object, check to make sure this command returns at least one valid object.
WARNING: [Vivado 12-584] No ports matched 'sw[15]'. [D:/Chula/HW_SYS_LAB/Display_Chat/Display_Chat.srcs/constrs_1/new/const_ascii.xdc:71]
CRITICAL WARNING: [Common 17-55] 'set_property' expects at least one object. [D:/Chula/HW_SYS_LAB/Display_Chat/Display_Chat.srcs/constrs_1/new/const_ascii.xdc:71]
Resolution: If [get_<value>] was used to populate the object, check to make sure this command returns at least one valid object.
WARNING: [Vivado 12-584] No ports matched 'sw[15]'. [D:/Chula/HW_SYS_LAB/Display_Chat/Display_Chat.srcs/constrs_1/new/const_ascii.xdc:72]
CRITICAL WARNING: [Common 17-55] 'set_property' expects at least one object. [D:/Chula/HW_SYS_LAB/Display_Chat/Display_Chat.srcs/constrs_1/new/const_ascii.xdc:72]
Resolution: If [get_<value>] was used to populate the object, check to make sure this command returns at least one valid object.
WARNING: [Vivado 12-584] No ports matched 'btnC'. [D:/Chula/HW_SYS_LAB/Display_Chat/Display_Chat.srcs/constrs_1/new/const_ascii.xdc:75]
CRITICAL WARNING: [Common 17-55] 'set_property' expects at least one object. [D:/Chula/HW_SYS_LAB/Display_Chat/Display_Chat.srcs/constrs_1/new/const_ascii.xdc:75]
Resolution: If [get_<value>] was used to populate the object, check to make sure this command returns at least one valid object.
WARNING: [Vivado 12-584] No ports matched 'btnC'. [D:/Chula/HW_SYS_LAB/Display_Chat/Display_Chat.srcs/constrs_1/new/const_ascii.xdc:76]
CRITICAL WARNING: [Common 17-55] 'set_property' expects at least one object. [D:/Chula/HW_SYS_LAB/Display_Chat/Display_Chat.srcs/constrs_1/new/const_ascii.xdc:76]
Resolution: If [get_<value>] was used to populate the object, check to make sure this command returns at least one valid object.
WARNING: [Vivado 12-584] No ports matched 'btnL'. [D:/Chula/HW_SYS_LAB/Display_Chat/Display_Chat.srcs/constrs_1/new/const_ascii.xdc:79]
CRITICAL WARNING: [Common 17-55] 'set_property' expects at least one object. [D:/Chula/HW_SYS_LAB/Display_Chat/Display_Chat.srcs/constrs_1/new/const_ascii.xdc:79]
Resolution: If [get_<value>] was used to populate the object, check to make sure this command returns at least one valid object.
WARNING: [Vivado 12-584] No ports matched 'btnL'. [D:/Chula/HW_SYS_LAB/Display_Chat/Display_Chat.srcs/constrs_1/new/const_ascii.xdc:80]
CRITICAL WARNING: [Common 17-55] 'set_property' expects at least one object. [D:/Chula/HW_SYS_LAB/Display_Chat/Display_Chat.srcs/constrs_1/new/const_ascii.xdc:80]
Resolution: If [get_<value>] was used to populate the object, check to make sure this command returns at least one valid object.
WARNING: [Vivado 12-584] No ports matched 'btnR'. [D:/Chula/HW_SYS_LAB/Display_Chat/Display_Chat.srcs/constrs_1/new/const_ascii.xdc:81]
CRITICAL WARNING: [Common 17-55] 'set_property' expects at least one object. [D:/Chula/HW_SYS_LAB/Display_Chat/Display_Chat.srcs/constrs_1/new/const_ascii.xdc:81]
Resolution: If [get_<value>] was used to populate the object, check to make sure this command returns at least one valid object.
WARNING: [Vivado 12-584] No ports matched 'btnR'. [D:/Chula/HW_SYS_LAB/Display_Chat/Display_Chat.srcs/constrs_1/new/const_ascii.xdc:82]
CRITICAL WARNING: [Common 17-55] 'set_property' expects at least one object. [D:/Chula/HW_SYS_LAB/Display_Chat/Display_Chat.srcs/constrs_1/new/const_ascii.xdc:82]
Resolution: If [get_<value>] was used to populate the object, check to make sure this command returns at least one valid object.
WARNING: [Vivado 12-584] No ports matched 'btnD'. [D:/Chula/HW_SYS_LAB/Display_Chat/Display_Chat.srcs/constrs_1/new/const_ascii.xdc:83]
CRITICAL WARNING: [Common 17-55] 'set_property' expects at least one object. [D:/Chula/HW_SYS_LAB/Display_Chat/Display_Chat.srcs/constrs_1/new/const_ascii.xdc:83]
Resolution: If [get_<value>] was used to populate the object, check to make sure this command returns at least one valid object.
WARNING: [Vivado 12-584] No ports matched 'btnD'. [D:/Chula/HW_SYS_LAB/Display_Chat/Display_Chat.srcs/constrs_1/new/const_ascii.xdc:84]
CRITICAL WARNING: [Common 17-55] 'set_property' expects at least one object. [D:/Chula/HW_SYS_LAB/Display_Chat/Display_Chat.srcs/constrs_1/new/const_ascii.xdc:84]
Resolution: If [get_<value>] was used to populate the object, check to make sure this command returns at least one valid object.
Finished Parsing XDC File [D:/Chula/HW_SYS_LAB/Display_Chat/Display_Chat.srcs/constrs_1/new/const_ascii.xdc]
INFO: [Opt 31-138] Pushed 0 inverter(s) to 0 load pin(s).
Netlist sorting complete. Time (s): cpu = 00:00:00 ; elapsed = 00:00:00 . Memory (MB): peak = 1023.461 ; gain = 0.000
INFO: [Project 1-111] Unisim Transformation Summary:
No Unisim elements were transformed.

6 Infos, 26 Warnings, 26 Critical Warnings and 0 Errors encountered.
link_design completed successfully
link_design: Time (s): cpu = 00:00:02 ; elapsed = 00:00:06 . Memory (MB): peak = 1027.484 ; gain = 538.570
Command: opt_design
Attempting to get a license for feature 'Implementation' and/or device 'xc7a35t'
INFO: [Common 17-349] Got license for feature 'Implementation' and/or device 'xc7a35t'
Running DRC as a precondition to command opt_design

Starting DRC Task
INFO: [DRC 23-27] Running DRC with 2 threads
INFO: [Project 1-461] DRC finished with 0 Errors
INFO: [Project 1-462] Please refer to the DRC report (report_drc) for more information.

Time (s): cpu = 00:00:01 ; elapsed = 00:00:00.910 . Memory (MB): peak = 1054.328 ; gain = 26.844

Starting Cache Timing Information Task
INFO: [Timing 38-35] Done setting XDC timing constraints.
Ending Cache Timing Information Task | Checksum: 1dc7e324a

Time (s): cpu = 00:00:03 ; elapsed = 00:00:07 . Memory (MB): peak = 1595.363 ; gain = 541.035

Starting Logic Optimization Task

Phase 1 Initialization

Phase 1.1 Core Generation And Design Setup
Phase 1.1 Core Generation And Design Setup | Checksum: 1dc7e324a

Time (s): cpu = 00:00:00 ; elapsed = 00:00:00 . Memory (MB): peak = 1973.734 ; gain = 0.000

Phase 1.2 Setup Constraints And Sort Netlist
Phase 1.2 Setup Constraints And Sort Netlist | Checksum: 1dc7e324a

Time (s): cpu = 00:00:00 ; elapsed = 00:00:00.001 . Memory (MB): peak = 1973.734 ; gain = 0.000
Phase 1 Initialization | Checksum: 1dc7e324a

Time (s): cpu = 00:00:00 ; elapsed = 00:00:00.001 . Memory (MB): peak = 1973.734 ; gain = 0.000

Phase 2 Timer Update And Timing Data Collection

Phase 2.1 Timer Update
Phase 2.1 Timer Update | Checksum: 1dc7e324a

Time (s): cpu = 00:00:00 ; elapsed = 00:00:00.005 . Memory (MB): peak = 1973.734 ; gain = 0.000

Phase 2.2 Timing Data Collection
Phase 2.2 Timing Data Collection | Checksum: 1dc7e324a

Time (s): cpu = 00:00:00 ; elapsed = 00:00:00.009 . Memory (MB): peak = 1973.734 ; gain = 0.000
Phase 2 Timer Update And Timing Data Collection | Checksum: 1dc7e324a

Time (s): cpu = 00:00:00 ; elapsed = 00:00:00.010 . Memory (MB): peak = 1973.734 ; gain = 0.000

Phase 3 Retarget
INFO: [Opt 31-1834] Total Chains To Be Transformed Were: 0 AND Number of Transformed insts Created are: 0
INFO: [Opt 31-138] Pushed 0 inverter(s) to 0 load pin(s).
INFO: [Opt 31-49] Retargeted 0 cell(s).
Phase 3 Retarget | Checksum: 1dc7e324a

Time (s): cpu = 00:00:00 ; elapsed = 00:00:00.014 . Memory (MB): peak = 1973.734 ; gain = 0.000
Retarget | Checksum: 1dc7e324a
INFO: [Opt 31-389] Phase Retarget created 0 cells and removed 0 cells

Phase 4 Constant propagation
INFO: [Opt 31-138] Pushed 0 inverter(s) to 0 load pin(s).
Phase 4 Constant propagation | Checksum: 1dc7e324a

Time (s): cpu = 00:00:00 ; elapsed = 00:00:00.015 . Memory (MB): peak = 1973.734 ; gain = 0.000
Constant propagation | Checksum: 1dc7e324a
INFO: [Opt 31-389] Phase Constant propagation created 0 cells and removed 0 cells

Phase 5 Sweep
Phase 5 Sweep | Checksum: 2b3b4f3a0

Time (s): cpu = 00:00:00 ; elapsed = 00:00:00.019 . Memory (MB): peak = 1973.734 ; gain = 0.000
Sweep | Checksum: 2b3b4f3a0
INFO: [Opt 31-389] Phase Sweep created 11 cells and removed 0 cells

Phase 6 BUFG optimization
Phase 6 BUFG optimization | Checksum: 2b3b4f3a0

Time (s): cpu = 00:00:00 ; elapsed = 00:00:00.054 . Memory (MB): peak = 1973.734 ; gain = 0.000
BUFG optimization | Checksum: 2b3b4f3a0
INFO: [Opt 31-662] Phase BUFG optimization created 0 cells of which 0 are BUFGs and removed 0 cells.

Phase 7 Shift Register Optimization
INFO: [Opt 31-1064] SRL Remap converted 0 SRLs to 0 registers and converted 0 registers of register chains to 0 SRLs
Phase 7 Shift Register Optimization | Checksum: 2b3b4f3a0

Time (s): cpu = 00:00:00 ; elapsed = 00:00:00.055 . Memory (MB): peak = 1973.734 ; gain = 0.000
Shift Register Optimization | Checksum: 2b3b4f3a0
INFO: [Opt 31-389] Phase Shift Register Optimization created 0 cells and removed 0 cells

Phase 8 Post Processing Netlist
Phase 8 Post Processing Netlist | Checksum: 2b3b4f3a0

Time (s): cpu = 00:00:00 ; elapsed = 00:00:00.055 . Memory (MB): peak = 1973.734 ; gain = 0.000
Post Processing Netlist | Checksum: 2b3b4f3a0
INFO: [Opt 31-389] Phase Post Processing Netlist created 0 cells and removed 0 cells

Phase 9 Finalization

Phase 9.1 Finalizing Design Cores and Updating Shapes
Phase 9.1 Finalizing Design Cores and Updating Shapes | Checksum: 214ecd621

Time (s): cpu = 00:00:00 ; elapsed = 00:00:00.058 . Memory (MB): peak = 1973.734 ; gain = 0.000

Phase 9.2 Verifying Netlist Connectivity

Starting Connectivity Check Task

Time (s): cpu = 00:00:00 ; elapsed = 00:00:00.001 . Memory (MB): peak = 1973.734 ; gain = 0.000
Phase 9.2 Verifying Netlist Connectivity | Checksum: 214ecd621

Time (s): cpu = 00:00:00 ; elapsed = 00:00:00.059 . Memory (MB): peak = 1973.734 ; gain = 0.000
Phase 9 Finalization | Checksum: 214ecd621

Time (s): cpu = 00:00:00 ; elapsed = 00:00:00.060 . Memory (MB): peak = 1973.734 ; gain = 0.000
Opt_design Change Summary
=========================


-------------------------------------------------------------------------------------------------------------------------
|  Phase                        |  #Cells created  |  #Cells Removed  |  #Constrained objects preventing optimizations  |
-------------------------------------------------------------------------------------------------------------------------
|  Retarget                     |               0  |               0  |                                              0  |
|  Constant propagation         |               0  |               0  |                                              0  |
|  Sweep                        |              11  |               0  |                                              0  |
|  BUFG optimization            |               0  |               0  |                                              0  |
|  Shift Register Optimization  |               0  |               0  |                                              0  |
|  Post Processing Netlist      |               0  |               0  |                                              0  |
-------------------------------------------------------------------------------------------------------------------------


Ending Logic Optimization Task | Checksum: 214ecd621

Time (s): cpu = 00:00:00 ; elapsed = 00:00:00.061 . Memory (MB): peak = 1973.734 ; gain = 0.000

Starting Power Optimization Task
INFO: [Pwropt 34-132] Skipping clock gating for clocks with a period < 2.00 ns.
Ending Power Optimization Task | Checksum: 214ecd621

Time (s): cpu = 00:00:00 ; elapsed = 00:00:00.008 . Memory (MB): peak = 1973.734 ; gain = 0.000

Starting Final Cleanup Task
Ending Final Cleanup Task | Checksum: 214ecd621

Time (s): cpu = 00:00:00 ; elapsed = 00:00:00 . Memory (MB): peak = 1973.734 ; gain = 0.000

Starting Netlist Obfuscation Task
Netlist sorting complete. Time (s): cpu = 00:00:00 ; elapsed = 00:00:00 . Memory (MB): peak = 1973.734 ; gain = 0.000
Ending Netlist Obfuscation Task | Checksum: 214ecd621

Time (s): cpu = 00:00:00 ; elapsed = 00:00:00 . Memory (MB): peak = 1973.734 ; gain = 0.000
INFO: [Common 17-83] Releasing license: Implementation
24 Infos, 26 Warnings, 26 Critical Warnings and 0 Errors encountered.
opt_design completed successfully
opt_design: Time (s): cpu = 00:00:05 ; elapsed = 00:00:11 . Memory (MB): peak = 1973.734 ; gain = 946.250
INFO: [Vivado 12-24828] Executing command : report_drc -file top_drc_opted.rpt -pb top_drc_opted.pb -rpx top_drc_opted.rpx
Command: report_drc -file top_drc_opted.rpt -pb top_drc_opted.pb -rpx top_drc_opted.rpx
INFO: [IP_Flow 19-234] Refreshing IP repositories
INFO: [IP_Flow 19-1704] No user IP repositories specified
INFO: [IP_Flow 19-2313] Loaded Vivado IP repository 'C:/Vivado/Vivado/2024.1/data/ip'.
INFO: [DRC 23-27] Running DRC with 2 threads
INFO: [Vivado_Tcl 2-168] The results of DRC are in file D:/Chula/HW_SYS_LAB/Display_Chat/Display_Chat.runs/impl_1/top_drc_opted.rpt.
report_drc completed successfully
INFO: [Timing 38-480] Writing timing data to binary archive.
Write ShapeDB Complete: Time (s): cpu = 00:00:00 ; elapsed = 00:00:00.002 . Memory (MB): peak = 1973.734 ; gain = 0.000
Wrote PlaceDB: Time (s): cpu = 00:00:00 ; elapsed = 00:00:00.003 . Memory (MB): peak = 1973.734 ; gain = 0.000
Wrote PulsedLatchDB: Time (s): cpu = 00:00:00 ; elapsed = 00:00:00 . Memory (MB): peak = 1973.734 ; gain = 0.000
Writing XDEF routing.
Writing XDEF routing logical nets.
Writing XDEF routing special nets.
Wrote RouteStorage: Time (s): cpu = 00:00:00 ; elapsed = 00:00:00.062 . Memory (MB): peak = 1973.734 ; gain = 0.000
Wrote Netlist Cache: Time (s): cpu = 00:00:00 ; elapsed = 00:00:00 . Memory (MB): peak = 1973.734 ; gain = 0.000
Wrote Device Cache: Time (s): cpu = 00:00:00 ; elapsed = 00:00:00.011 . Memory (MB): peak = 1973.734 ; gain = 0.000
Write Physdb Complete: Time (s): cpu = 00:00:00 ; elapsed = 00:00:00.086 . Memory (MB): peak = 1973.734 ; gain = 0.000
